<?xml version="1.0" encoding="UTF-8"?>
<testsuite name="com.example.project.TestTriangle" tests="3" skipped="0" failures="0" errors="0" timestamp="2025-01-08T13:50:14" hostname="codespaces-81c36f" time="0.024">
  <properties/>
  <testcase name="testConstructorAndGetVertices()" classname="com.example.project.TestTriangle" time="0.002"/>
  <testcase name="testTriangleInfo()" classname="com.example.project.TestTriangle" time="0.008"/>
  <testcase name="testPerimeter()" classname="com.example.project.TestTriangle" time="0.002"/>
  <system-out><![CDATA[]]></system-out>
  <system-err><![CDATA[]]></system-err>
</testsuite>
